2023-02-01 11:43:39.1411|WARN|Microsoft.EntityFrameworkCore.Infrastructure|'AddEntityFramework*' was called on the service provider, but 'UseInternalServiceProvider' wasn't called in the DbContext options configuration. Consider removing the 'AddEntityFramework*' call, as in most cases it's not needed and may cause conflicts with other products and services registered in the same service provider.
2023-02-01 11:45:04.7552|ERROR|Microsoft.AspNetCore.Diagnostics.DeveloperExceptionPageMiddleware|An unhandled exception has occurred while executing the request.
2023-02-01 11:45:05.0454|ERROR|Microsoft.EntityFrameworkCore.Database.Connection|An error occurred using the connection to database 'Appointment_Management_System_Db2' on server '.\sqlexpress'.
2023-02-01 11:55:19.2631|WARN|Microsoft.EntityFrameworkCore.Infrastructure|'AddEntityFramework*' was called on the service provider, but 'UseInternalServiceProvider' wasn't called in the DbContext options configuration. Consider removing the 'AddEntityFramework*' call, as in most cases it's not needed and may cause conflicts with other products and services registered in the same service provider.
2023-02-01 11:55:56.6824|ERROR|Microsoft.AspNetCore.Diagnostics.DeveloperExceptionPageMiddleware|An unhandled exception has occurred while executing the request.
2023-02-01 11:55:57.2165|ERROR|Microsoft.EntityFrameworkCore.Database.Connection|An error occurred using the connection to database 'Appointment_Management_System_Db2' on server '.\sqlexpress'.
2023-02-01 11:57:02.7859|WARN|Microsoft.EntityFrameworkCore.Infrastructure|'AddEntityFramework*' was called on the service provider, but 'UseInternalServiceProvider' wasn't called in the DbContext options configuration. Consider removing the 'AddEntityFramework*' call, as in most cases it's not needed and may cause conflicts with other products and services registered in the same service provider.
2023-02-01 11:57:23.3537|WARN|Microsoft.EntityFrameworkCore.Infrastructure|'AddEntityFramework*' was called on the service provider, but 'UseInternalServiceProvider' wasn't called in the DbContext options configuration. Consider removing the 'AddEntityFramework*' call, as in most cases it's not needed and may cause conflicts with other products and services registered in the same service provider.
2023-02-01 11:58:01.2347|WARN|Microsoft.EntityFrameworkCore.Infrastructure|'AddEntityFramework*' was called on the service provider, but 'UseInternalServiceProvider' wasn't called in the DbContext options configuration. Consider removing the 'AddEntityFramework*' call, as in most cases it's not needed and may cause conflicts with other products and services registered in the same service provider.
2023-02-01 11:58:06.4905|ERROR|Microsoft.AspNetCore.Diagnostics.DeveloperExceptionPageMiddleware|An unhandled exception has occurred while executing the request.
2023-02-01 11:58:07.0076|ERROR|Microsoft.EntityFrameworkCore.Database.Connection|An error occurred using the connection to database 'Appointment_Management_System_Db2' on server '.\sqlexpress'.
2023-02-01 12:08:25.4120|WARN|Microsoft.EntityFrameworkCore.Infrastructure|'AddEntityFramework*' was called on the service provider, but 'UseInternalServiceProvider' wasn't called in the DbContext options configuration. Consider removing the 'AddEntityFramework*' call, as in most cases it's not needed and may cause conflicts with other products and services registered in the same service provider.
2023-02-01 12:08:53.6062|ERROR|Microsoft.AspNetCore.Diagnostics.DeveloperExceptionPageMiddleware|An unhandled exception has occurred while executing the request.
2023-02-01 12:08:54.0655|ERROR|Microsoft.EntityFrameworkCore.Database.Connection|An error occurred using the connection to database 'Appointment_Management_System_Db2' on server '.\sqlexpress'.
2023-02-01 12:50:44.6951|WARN|Microsoft.EntityFrameworkCore.Infrastructure|'AddEntityFramework*' was called on the service provider, but 'UseInternalServiceProvider' wasn't called in the DbContext options configuration. Consider removing the 'AddEntityFramework*' call, as in most cases it's not needed and may cause conflicts with other products and services registered in the same service provider.
2023-02-01 12:52:16.3055|WARN|Microsoft.EntityFrameworkCore.Infrastructure|'AddEntityFramework*' was called on the service provider, but 'UseInternalServiceProvider' wasn't called in the DbContext options configuration. Consider removing the 'AddEntityFramework*' call, as in most cases it's not needed and may cause conflicts with other products and services registered in the same service provider.
2023-02-01 12:52:22.1436|ERROR|Microsoft.EntityFrameworkCore.Database.Connection|An error occurred using the connection to database 'Appointment_Management_System_Db2' on server '.\sqlexpress'.
2023-02-01 12:53:34.0167|ERROR|Microsoft.EntityFrameworkCore.Database.Command|Failed executing DbCommand (106ms) [Parameters=[@p0='?' (DbType = Int32), @p1='?' (Size = 450), @p2='?' (Size = 4000), @p3='?' (DbType = Int32), @p4='?' (DbType = Int32), @p5='?' (Size = 4000), @p6='?' (DbType = Boolean)], CommandType='Text', CommandTimeout='30']
SET NOCOUNT ON;
INSERT INTO [PatientDetails] ([Id], [ApplicationUserId], [Disease], [DoctorAssignedId], [DoctorDetailsId], [PatientUserId], [StatusPatient])
VALUES (@p0, @p1, @p2, @p3, @p4, @p5, @p6);
2023-02-01 12:55:36.2646|WARN|Microsoft.EntityFrameworkCore.Infrastructure|'AddEntityFramework*' was called on the service provider, but 'UseInternalServiceProvider' wasn't called in the DbContext options configuration. Consider removing the 'AddEntityFramework*' call, as in most cases it's not needed and may cause conflicts with other products and services registered in the same service provider.
2023-02-01 12:56:11.1142|ERROR|Microsoft.AspNetCore.Diagnostics.DeveloperExceptionPageMiddleware|An unhandled exception has occurred while executing the request.
2023-02-01 12:56:11.2458|ERROR|Microsoft.EntityFrameworkCore.Database.Connection|An error occurred using the connection to database 'Appointment_Management_System_Db2' on server '.\sqlexpress'.
2023-02-01 12:57:21.8799|WARN|Microsoft.EntityFrameworkCore.Infrastructure|'AddEntityFramework*' was called on the service provider, but 'UseInternalServiceProvider' wasn't called in the DbContext options configuration. Consider removing the 'AddEntityFramework*' call, as in most cases it's not needed and may cause conflicts with other products and services registered in the same service provider.
2023-02-01 12:57:26.3585|ERROR|Microsoft.EntityFrameworkCore.Database.Connection|An error occurred using the connection to database 'Appointment_Management_System_Db2' on server '.\sqlexpress'.
2023-02-01 13:58:15.7502|ERROR|Microsoft.EntityFrameworkCore.Database.Connection|An error occurred using the connection to database 'Appointment_Management_System_Db2' on server '.\sqlexpress'.
2023-02-01 14:03:48.5838|WARN|Microsoft.EntityFrameworkCore.Infrastructure|'AddEntityFramework*' was called on the service provider, but 'UseInternalServiceProvider' wasn't called in the DbContext options configuration. Consider removing the 'AddEntityFramework*' call, as in most cases it's not needed and may cause conflicts with other products and services registered in the same service provider.
2023-02-01 14:03:54.2206|ERROR|Microsoft.EntityFrameworkCore.Database.Connection|An error occurred using the connection to database 'Appointment_Management_System_Db2' on server '.\sqlexpress'.
2023-02-01 14:49:46.2753|WARN|Microsoft.EntityFrameworkCore.Infrastructure|'AddEntityFramework*' was called on the service provider, but 'UseInternalServiceProvider' wasn't called in the DbContext options configuration. Consider removing the 'AddEntityFramework*' call, as in most cases it's not needed and may cause conflicts with other products and services registered in the same service provider.
2023-02-01 14:57:09.7801|WARN|Microsoft.EntityFrameworkCore.Infrastructure|'AddEntityFramework*' was called on the service provider, but 'UseInternalServiceProvider' wasn't called in the DbContext options configuration. Consider removing the 'AddEntityFramework*' call, as in most cases it's not needed and may cause conflicts with other products and services registered in the same service provider.
2023-02-01 14:58:04.6403|ERROR|Microsoft.AspNetCore.Diagnostics.DeveloperExceptionPageMiddleware|An unhandled exception has occurred while executing the request.
2023-02-01 15:00:07.0633|WARN|Microsoft.EntityFrameworkCore.Infrastructure|'AddEntityFramework*' was called on the service provider, but 'UseInternalServiceProvider' wasn't called in the DbContext options configuration. Consider removing the 'AddEntityFramework*' call, as in most cases it's not needed and may cause conflicts with other products and services registered in the same service provider.
2023-02-01 15:06:10.5169|WARN|Microsoft.EntityFrameworkCore.Infrastructure|'AddEntityFramework*' was called on the service provider, but 'UseInternalServiceProvider' wasn't called in the DbContext options configuration. Consider removing the 'AddEntityFramework*' call, as in most cases it's not needed and may cause conflicts with other products and services registered in the same service provider.
2023-02-01 16:33:36.1763|WARN|Microsoft.EntityFrameworkCore.Infrastructure|'AddEntityFramework*' was called on the service provider, but 'UseInternalServiceProvider' wasn't called in the DbContext options configuration. Consider removing the 'AddEntityFramework*' call, as in most cases it's not needed and may cause conflicts with other products and services registered in the same service provider.
2023-02-01 16:33:36.1763|WARN|Microsoft.EntityFrameworkCore.Infrastructure|'AddEntityFramework*' was called on the service provider, but 'UseInternalServiceProvider' wasn't called in the DbContext options configuration. Consider removing the 'AddEntityFramework*' call, as in most cases it's not needed and may cause conflicts with other products and services registered in the same service provider.
2023-02-01 16:34:18.1128|WARN|Appointment_Management_System_Backend2.Models.Identity.ApplicationUserManager|VerifyUserTokenAsync() failed with purpose: EmailConfirmation for user.
2023-02-01 16:34:18.1128|WARN|Appointment_Management_System_Backend2.Models.Identity.ApplicationUserManager|VerifyUserTokenAsync() failed with purpose: EmailConfirmation for user.
2023-02-01 16:41:46.1074|ERROR|Microsoft.AspNetCore.Diagnostics.DeveloperExceptionPageMiddleware|An unhandled exception has occurred while executing the request.
2023-02-01 16:43:50.2888|WARN|Microsoft.EntityFrameworkCore.Infrastructure|'AddEntityFramework*' was called on the service provider, but 'UseInternalServiceProvider' wasn't called in the DbContext options configuration. Consider removing the 'AddEntityFramework*' call, as in most cases it's not needed and may cause conflicts with other products and services registered in the same service provider.
2023-02-01 16:46:30.9236|WARN|Microsoft.EntityFrameworkCore.Infrastructure|'AddEntityFramework*' was called on the service provider, but 'UseInternalServiceProvider' wasn't called in the DbContext options configuration. Consider removing the 'AddEntityFramework*' call, as in most cases it's not needed and may cause conflicts with other products and services registered in the same service provider.
2023-02-01 18:20:23.9115|WARN|Microsoft.EntityFrameworkCore.Infrastructure|'AddEntityFramework*' was called on the service provider, but 'UseInternalServiceProvider' wasn't called in the DbContext options configuration. Consider removing the 'AddEntityFramework*' call, as in most cases it's not needed and may cause conflicts with other products and services registered in the same service provider.
