2023-01-20 11:27:32.7141|WARN|Microsoft.EntityFrameworkCore.Infrastructure|'AddEntityFramework*' was called on the service provider, but 'UseInternalServiceProvider' wasn't called in the DbContext options configuration. Consider removing the 'AddEntityFramework*' call, as in most cases it's not needed and may cause conflicts with other products and services registered in the same service provider.
2023-01-20 12:16:26.1247|WARN|Microsoft.EntityFrameworkCore.Infrastructure|'AddEntityFramework*' was called on the service provider, but 'UseInternalServiceProvider' wasn't called in the DbContext options configuration. Consider removing the 'AddEntityFramework*' call, as in most cases it's not needed and may cause conflicts with other products and services registered in the same service provider.
2023-01-20 12:17:13.4068|ERROR|Microsoft.EntityFrameworkCore.Database.Command|Failed executing DbCommand (18ms) [Parameters=[@p0='?' (Size = 450), @p1='?' (DbType = Int32), @p2='?' (Size = 4000), @p3='?' (Size = 4000), @p4='?' (Size = 4000), @p5='?' (Size = 256), @p6='?' (DbType = Boolean), @p7='?' (DbType = Int32), @p8='?' (DbType = Boolean), @p9='?' (DbType = DateTimeOffset), @p10='?' (Size = 4000), @p11='?' (Size = 256), @p12='?' (Size = 256), @p13='?' (Size = 4000), @p14='?' (Size = 4000), @p15='?' (Size = 4000), @p16='?' (DbType = Boolean), @p17='?' (Size = 4000), @p18='?' (DbType = Boolean), @p19='?' (Size = 256)], CommandType='Text', CommandTimeout='30']
SET NOCOUNT ON;
INSERT INTO [AspNetUsers] ([Id], [AccessFailedCount], [Address], [ConcurrencyStamp], [ConfirmPassword], [Email], [EmailConfirmed], [GenderId], [LockoutEnabled], [LockoutEnd], [Name], [NormalizedEmail], [NormalizedUserName], [Password], [PasswordHash], [PhoneNumber], [PhoneNumberConfirmed], [SecurityStamp], [TwoFactorEnabled], [UserName])
VALUES (@p0, @p1, @p2, @p3, @p4, @p5, @p6, @p7, @p8, @p9, @p10, @p11, @p12, @p13, @p14, @p15, @p16, @p17, @p18, @p19);
2023-01-20 12:17:13.6502|ERROR|Microsoft.EntityFrameworkCore.Update|An exception occurred in the database while saving changes for context type 'Appointment_Management_System_Backend2.Data.ApplicationDbContext'.
Microsoft.EntityFrameworkCore.DbUpdateException: An error occurred while updating the entries. See the inner exception for details.
 ---> Microsoft.Data.SqlClient.SqlException (0x80131904): The INSERT statement conflicted with the FOREIGN KEY constraint "FK_AspNetUsers_Genders_GenderId". The conflict occurred in database "Appointment_Management_System_Db2", table "dbo.Genders", column 'Id'.
The statement has been terminated.
   at Microsoft.Data.SqlClient.SqlCommand.<>c.<ExecuteDbDataReaderAsync>b__169_0(Task`1 result)
   at System.Threading.Tasks.ContinuationResultTaskFromResultTask`2.InnerInvoke()
   at System.Threading.Tasks.Task.<>c.<.cctor>b__277_0(Object obj)
   at System.Threading.ExecutionContext.RunInternal(ExecutionContext executionContext, ContextCallback callback, Object state)
--- End of stack trace from previous location ---
   at System.Threading.Tasks.Task.ExecuteWithThreadLocal(Task& currentTaskSlot, Thread threadPoolThread)
--- End of stack trace from previous location ---
   at Microsoft.EntityFrameworkCore.Storage.RelationalCommand.ExecuteReaderAsync(RelationalCommandParameterObject parameterObject, CancellationToken cancellationToken)
   at Microsoft.EntityFrameworkCore.Storage.RelationalCommand.ExecuteReaderAsync(RelationalCommandParameterObject parameterObject, CancellationToken cancellationToken)
   at Microsoft.EntityFrameworkCore.Update.ReaderModificationCommandBatch.ExecuteAsync(IRelationalConnection connection, CancellationToken cancellationToken)
ClientConnectionId:1b04cf09-7f13-4215-9b3f-ee5617b341c6
Error Number:547,State:0,Class:16
   --- End of inner exception stack trace ---
   at Microsoft.EntityFrameworkCore.Update.ReaderModificationCommandBatch.ExecuteAsync(IRelationalConnection connection, CancellationToken cancellationToken)
   at Microsoft.EntityFrameworkCore.Update.Internal.BatchExecutor.ExecuteAsync(IEnumerable`1 commandBatches, IRelationalConnection connection, CancellationToken cancellationToken)
   at Microsoft.EntityFrameworkCore.Update.Internal.BatchExecutor.ExecuteAsync(IEnumerable`1 commandBatches, IRelationalConnection connection, CancellationToken cancellationToken)
   at Microsoft.EntityFrameworkCore.Update.Internal.BatchExecutor.ExecuteAsync(IEnumerable`1 commandBatches, IRelationalConnection connection, CancellationToken cancellationToken)
   at Microsoft.EntityFrameworkCore.ChangeTracking.Internal.StateManager.SaveChangesAsync(IList`1 entriesToSave, CancellationToken cancellationToken)
   at Microsoft.EntityFrameworkCore.ChangeTracking.Internal.StateManager.SaveChangesAsync(DbContext _, Boolean acceptAllChangesOnSuccess, CancellationToken cancellationToken)
   at Microsoft.EntityFrameworkCore.SqlServer.Storage.Internal.SqlServerExecutionStrategy.ExecuteAsync[TState,TResult](TState state, Func`4 operation, Func`4 verifySucceeded, CancellationToken cancellationToken)
   at Microsoft.EntityFrameworkCore.DbContext.SaveChangesAsync(Boolean acceptAllChangesOnSuccess, CancellationToken cancellationToken)
2023-01-20 12:17:14.1303|ERROR|Microsoft.AspNetCore.Diagnostics.DeveloperExceptionPageMiddleware|An unhandled exception has occurred while executing the request.
2023-01-20 12:20:31.3884|INFO|Appointment_Management_System_Backend2.Controllers.RegisterUserController|User created a new account with password.
2023-01-20 12:42:19.1956|WARN|Microsoft.EntityFrameworkCore.Infrastructure|'AddEntityFramework*' was called on the service provider, but 'UseInternalServiceProvider' wasn't called in the DbContext options configuration. Consider removing the 'AddEntityFramework*' call, as in most cases it's not needed and may cause conflicts with other products and services registered in the same service provider.
2023-01-20 12:42:48.7181|INFO|Appointment_Management_System_Backend2.Controllers.RegisterUserController|User created a new account with password.
2023-01-20 14:50:48.6955|WARN|Microsoft.EntityFrameworkCore.Infrastructure|'AddEntityFramework*' was called on the service provider, but 'UseInternalServiceProvider' wasn't called in the DbContext options configuration. Consider removing the 'AddEntityFramework*' call, as in most cases it's not needed and may cause conflicts with other products and services registered in the same service provider.
2023-01-20 14:51:18.7355|INFO|Appointment_Management_System_Backend2.Controllers.RegisterUserController|User created a new account with password.
2023-01-20 14:51:50.8136|ERROR|Microsoft.AspNetCore.Diagnostics.DeveloperExceptionPageMiddleware|An unhandled exception has occurred while executing the request.
2023-01-20 14:54:01.8518|WARN|Microsoft.EntityFrameworkCore.Infrastructure|'AddEntityFramework*' was called on the service provider, but 'UseInternalServiceProvider' wasn't called in the DbContext options configuration. Consider removing the 'AddEntityFramework*' call, as in most cases it's not needed and may cause conflicts with other products and services registered in the same service provider.
2023-01-20 14:54:15.5191|INFO|Appointment_Management_System_Backend2.Controllers.RegisterUserController|User created a new account with password.
2023-01-20 14:54:25.2254|ERROR|Microsoft.AspNetCore.Diagnostics.DeveloperExceptionPageMiddleware|An unhandled exception has occurred while executing the request.
2023-01-20 14:54:41.2775|WARN|Appointment_Management_System_Backend2.Models.Identity.ApplicationUserManager|User validation failed: DuplicateUserName.
2023-01-20 14:54:41.2775|INFO|Appointment_Management_System_Backend2.Controllers.RegisterUserController|User created a new account with password.
2023-01-20 14:55:07.6186|INFO|Appointment_Management_System_Backend2.Controllers.RegisterUserController|User created a new account with password.
2023-01-20 14:55:07.7523|ERROR|Microsoft.AspNetCore.Diagnostics.DeveloperExceptionPageMiddleware|An unhandled exception has occurred while executing the request.
2023-01-20 14:55:32.6282|WARN|Appointment_Management_System_Backend2.Models.Identity.ApplicationUserManager|User validation failed: DuplicateUserName.
2023-01-20 14:55:32.6282|INFO|Appointment_Management_System_Backend2.Controllers.RegisterUserController|User created a new account with password.
2023-01-20 14:55:59.9376|INFO|Appointment_Management_System_Backend2.Controllers.RegisterUserController|User created a new account with password.
2023-01-20 14:58:35.8740|WARN|Microsoft.EntityFrameworkCore.Infrastructure|'AddEntityFramework*' was called on the service provider, but 'UseInternalServiceProvider' wasn't called in the DbContext options configuration. Consider removing the 'AddEntityFramework*' call, as in most cases it's not needed and may cause conflicts with other products and services registered in the same service provider.
2023-01-20 14:58:45.0430|INFO|Appointment_Management_System_Backend2.Controllers.RegisterUserController|User created a new account with password.
2023-01-20 14:59:54.2548|INFO|Appointment_Management_System_Backend2.Controllers.RegisterUserController|User created a new account with password.
